[debug] [2023-03-30T19:41:09.161Z] ----------------------------------------------------------------------
[debug] [2023-03-30T19:41:09.166Z] Command:       C:\Program Files\nodejs\node.exe C:\Users\Ranjith Reddy\AppData\Roaming\npm\node_modules\firebase-tools\lib\bin\firebase.js init
[debug] [2023-03-30T19:41:09.168Z] CLI Version:   11.25.2
[debug] [2023-03-30T19:41:09.169Z] Platform:      win32
[debug] [2023-03-30T19:41:09.169Z] Node Version:  v18.15.0
[debug] [2023-03-30T19:41:09.171Z] Time:          Fri Mar 31 2023 01:11:09 GMT+0530 (India Standard Time)
[debug] [2023-03-30T19:41:09.171Z] ----------------------------------------------------------------------
[debug] 
[debug] [2023-03-30T19:41:09.188Z] > command requires scopes: ["email","openid","https://www.googleapis.com/auth/cloudplatformprojects.readonly","https://www.googleapis.com/auth/firebase","https://www.googleapis.com/auth/cloud-platform"]
[debug] [2023-03-30T19:41:09.189Z] > authorizing via signed-in user (vijithareddygorentla@gmail.com)
[info] 
     ######## #### ########  ######## ########     ###     ######  ########
     ##        ##  ##     ## ##       ##     ##  ##   ##  ##       ##
     ######    ##  ########  ######   ########  #########  ######  ######
     ##        ##  ##    ##  ##       ##     ## ##     ##       ## ##
     ##       #### ##     ## ######## ########  ##     ##  ######  ########

You're about to initialize a Firebase project in this directory:

  C:\Users\Ranjith Reddy\Documents\Angular\RecipeBook

[info] 
=== Project Setup
[info] 
[info] First, let's associate this project directory with a Firebase project.
[info] You can create multiple project aliases by running firebase use --add, 
[info] but for now we'll just set up a default project.
[info] 
[debug] [2023-03-30T19:42:14.694Z] > refreshing access token with scopes: []
[debug] [2023-03-30T19:42:14.698Z] >>> [apiv2][query] POST https://www.googleapis.com/oauth2/v3/token [none]
[debug] [2023-03-30T19:42:14.699Z] >>> [apiv2][body] POST https://www.googleapis.com/oauth2/v3/token [omitted]
[debug] [2023-03-30T19:42:14.977Z] <<< [apiv2][status] POST https://www.googleapis.com/oauth2/v3/token 200
[debug] [2023-03-30T19:42:14.978Z] <<< [apiv2][body] POST https://www.googleapis.com/oauth2/v3/token [omitted]
[debug] [2023-03-30T19:42:15.055Z] >>> [apiv2][query] GET https://firebase.googleapis.com/v1beta1/projects pageSize=100
[debug] [2023-03-30T19:42:16.007Z] <<< [apiv2][status] GET https://firebase.googleapis.com/v1beta1/projects 200
[debug] [2023-03-30T19:42:16.007Z] <<< [apiv2][body] GET https://firebase.googleapis.com/v1beta1/projects [omitted]
[debug] [2023-03-30T19:43:31.711Z] ----------------------------------------------------------------------
[debug] [2023-03-30T19:43:31.715Z] Command:       C:\Program Files\nodejs\node.exe C:\Users\Ranjith Reddy\AppData\Roaming\npm\node_modules\firebase-tools\lib\bin\firebase.js init
[debug] [2023-03-30T19:43:31.716Z] CLI Version:   11.25.2
[debug] [2023-03-30T19:43:31.717Z] Platform:      win32
[debug] [2023-03-30T19:43:31.717Z] Node Version:  v18.15.0
[debug] [2023-03-30T19:43:31.719Z] Time:          Fri Mar 31 2023 01:13:31 GMT+0530 (India Standard Time)
[debug] [2023-03-30T19:43:31.719Z] ----------------------------------------------------------------------
[debug] 
[debug] [2023-03-30T19:43:31.735Z] > command requires scopes: ["email","openid","https://www.googleapis.com/auth/cloudplatformprojects.readonly","https://www.googleapis.com/auth/firebase","https://www.googleapis.com/auth/cloud-platform"]
[debug] [2023-03-30T19:43:31.736Z] > authorizing via signed-in user (vijithareddygorentla@gmail.com)
[info] 
     ######## #### ########  ######## ########     ###     ######  ########
     ##        ##  ##     ## ##       ##     ##  ##   ##  ##       ##
     ######    ##  ########  ######   ########  #########  ######  ######
     ##        ##  ##    ##  ##       ##     ## ##     ##       ## ##
     ##       #### ##     ## ######## ########  ##     ##  ######  ########

You're about to initialize a Firebase project in this directory:

  C:\Users\Ranjith Reddy\Documents\Angular\RecipeBook

[info] 
=== Project Setup
[info] 
[info] First, let's associate this project directory with a Firebase project.
[info] You can create multiple project aliases by running firebase use --add, 
[info] but for now we'll just set up a default project.
[info] 
[info] i  If you want to create a project in a Google Cloud organization or folder, please use "firebase projects:create" instead, and return to this command when you've created the project. 
[debug] [2023-03-30T19:44:16.779Z] >>> [apiv2][query] POST https://cloudresourcemanager.googleapis.com/v1/projects [none]
[debug] [2023-03-30T19:44:16.779Z] >>> [apiv2][body] POST https://cloudresourcemanager.googleapis.com/v1/projects {"projectId":"recipebook","name":"recipebook"}
[debug] [2023-03-30T19:44:18.330Z] <<< [apiv2][status] POST https://cloudresourcemanager.googleapis.com/v1/projects 409
[debug] [2023-03-30T19:44:18.331Z] <<< [apiv2][body] POST https://cloudresourcemanager.googleapis.com/v1/projects {"error":{"code":409,"message":"Requested entity already exists","status":"ALREADY_EXISTS"}}
[debug] [2023-03-30T19:44:18.465Z] FirebaseError: HTTP Error: 409, Requested entity already exists
    at responseToError (C:\Users\Ranjith Reddy\AppData\Roaming\npm\node_modules\firebase-tools\lib\responseToError.js:49:12)
    at RetryOperation._fn (C:\Users\Ranjith Reddy\AppData\Roaming\npm\node_modules\firebase-tools\lib\apiv2.js:288:77)
    at process.processTicksAndRejections (node:internal/process/task_queues:95:5)
[error] 
[error] Error: Failed to create project because there is already a project with ID recipebook. Please try again with a unique project ID.
[debug] [2023-03-30T19:44:30.349Z] ----------------------------------------------------------------------
[debug] [2023-03-30T19:44:30.353Z] Command:       C:\Program Files\nodejs\node.exe C:\Users\Ranjith Reddy\AppData\Roaming\npm\node_modules\firebase-tools\lib\bin\firebase.js init
[debug] [2023-03-30T19:44:30.354Z] CLI Version:   11.25.2
[debug] [2023-03-30T19:44:30.355Z] Platform:      win32
[debug] [2023-03-30T19:44:30.355Z] Node Version:  v18.15.0
[debug] [2023-03-30T19:44:30.356Z] Time:          Fri Mar 31 2023 01:14:30 GMT+0530 (India Standard Time)
[debug] [2023-03-30T19:44:30.357Z] ----------------------------------------------------------------------
[debug] 
[debug] [2023-03-30T19:44:30.372Z] > command requires scopes: ["email","openid","https://www.googleapis.com/auth/cloudplatformprojects.readonly","https://www.googleapis.com/auth/firebase","https://www.googleapis.com/auth/cloud-platform"]
[debug] [2023-03-30T19:44:30.373Z] > authorizing via signed-in user (vijithareddygorentla@gmail.com)
[info] 
     ######## #### ########  ######## ########     ###     ######  ########
     ##        ##  ##     ## ##       ##     ##  ##   ##  ##       ##
     ######    ##  ########  ######   ########  #########  ######  ######
     ##        ##  ##    ##  ##       ##     ## ##     ##       ## ##
     ##       #### ##     ## ######## ########  ##     ##  ######  ########

You're about to initialize a Firebase project in this directory:

  C:\Users\Ranjith Reddy\Documents\Angular\RecipeBook

[info] 
=== Project Setup
[info] 
[info] First, let's associate this project directory with a Firebase project.
[info] You can create multiple project aliases by running firebase use --add, 
[info] but for now we'll just set up a default project.
[info] 
[debug] [2023-03-30T19:44:38.226Z] >>> [apiv2][query] GET https://firebase.googleapis.com/v1beta1/projects pageSize=100
[debug] [2023-03-30T19:44:39.207Z] <<< [apiv2][status] GET https://firebase.googleapis.com/v1beta1/projects 200
[debug] [2023-03-30T19:44:39.208Z] <<< [apiv2][body] GET https://firebase.googleapis.com/v1beta1/projects [omitted]
[info] i  Using project ng-course-recipe-book-fab45 (ng-course-recipe-book) 
[info] 
=== Hosting Setup
[info] 
[info] i  Didn't detect a .git folder. Assuming C:\Users\Ranjith Reddy\Documents\Angular\RecipeBook is the project root. 
[info] i  Authorizing with GitHub to upload your service account to a GitHub repository's secrets store. 
[info] 
[info] Visit this URL on this device to log in:
[info] https://github.com/login/oauth/authorize?client_id=89cf50f02ac6aaed3484&state=640440639&redirect_uri=http%3A%2F%2Flocalhost%3A9005&scope=read%3Auser%20repo%20public_repo
[info] 
[info] Waiting for authentication...
[debug] [2023-03-30T19:49:23.343Z] >>> [apiv2][query] POST https://github.com/login/oauth/access_token [none]
[debug] [2023-03-30T19:49:23.344Z] >>> [apiv2][body] POST https://github.com/login/oauth/access_token [stream]
[debug] [2023-03-30T19:49:23.814Z] <<< [apiv2][status] POST https://github.com/login/oauth/access_token 200
[debug] [2023-03-30T19:49:23.815Z] <<< [apiv2][body] POST https://github.com/login/oauth/access_token {"access_token":"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","token_type":"bearer","scope":"read:user,repo"}
[debug] [2023-03-30T19:49:23.886Z] >>> [apiv2][query] GET https://api.github.com/user [none]
[debug] [2023-03-30T19:49:24.314Z] <<< [apiv2][status] GET https://api.github.com/user 200
[debug] [2023-03-30T19:49:24.315Z] <<< [apiv2][body] GET https://api.github.com/user {"login":"G-Vijitha","id":86513400,"node_id":"MDQ6VXNlcjg2NTEzNDAw","avatar_url":"https://avatars.githubusercontent.com/u/86513400?v=4","gravatar_id":"","url":"https://api.github.com/users/G-Vijitha","html_url":"https://github.com/G-Vijitha","followers_url":"https://api.github.com/users/G-Vijitha/followers","following_url":"https://api.github.com/users/G-Vijitha/following{/other_user}","gists_url":"https://api.github.com/users/G-Vijitha/gists{/gist_id}","starred_url":"https://api.github.com/users/G-Vijitha/starred{/owner}{/repo}","subscriptions_url":"https://api.github.com/users/G-Vijitha/subscriptions","organizations_url":"https://api.github.com/users/G-Vijitha/orgs","repos_url":"https://api.github.com/users/G-Vijitha/repos","events_url":"https://api.github.com/users/G-Vijitha/events{/privacy}","received_events_url":"https://api.github.com/users/G-Vijitha/received_events","type":"User","site_admin":false,"name":null,"company":null,"blog":"","location":null,"email":null,"hireable":null,"bio":null,"twitter_username":null,"public_repos":5,"public_gists":0,"followers":0,"following":5,"created_at":"2021-06-26T08:07:36Z","updated_at":"2023-03-30T12:12:39Z","private_gists":0,"total_private_repos":0,"owned_private_repos":0,"disk_usage":1695,"collaborators":0,"two_factor_authentication":false,"plan":{"name":"free","space":976562499,"collaborators":0,"private_repos":10000}}
[info] 
[info] +  Success! Logged into GitHub as G-Vijitha 
[info] 
